<?xml version="1.0" encoding="UTF-8"?>
<!-- Generated by org.testng.reporters.JUnitReportReporter -->
<testsuite hostname="SarthakDell" failures="0" tests="4" name="com.tutorialsninja.TestCases.RegisterTest" time="43.374" errors="0" timestamp="2023-11-04T11:05:09 EDT" skipped="0">
  <testcase classname="com.tutorialsninja.TestCases.RegisterTest" name="verifyingRegisterWithMandatoryFields" time="11.328"/>
  <testcase classname="com.tutorialsninja.TestCases.RegisterTest" name="verifyingRegisterWithAllFields" time="13.914"/>
  <testcase classname="com.tutorialsninja.TestCases.RegisterTest" name="verifyingRegisterWithExistingEmail" time="8.766"/>
  <testcase classname="com.tutorialsninja.TestCases.RegisterTest" name="verifyingRegisterWithNoFields" time="9.366"/>
</testsuite> <!-- com.tutorialsninja.TestCases.RegisterTest -->
