<?xml version="1.0" encoding="UTF-8"?>
<!-- Generated by org.testng.reporters.JUnitReportReporter -->
<testsuite hostname="SarthakDell" failures="0" tests="1" name="com.tutorialsninja.TestCases.AddToCartTest" time="17.323" errors="0" timestamp="2023-11-04T12:54:55 EDT" skipped="0">
  <testcase classname="com.tutorialsninja.TestCases.AddToCartTest" name="checkingOutValidProduct" time="17.323"/>
</testsuite> <!-- com.tutorialsninja.TestCases.AddToCartTest -->
