<?xml version="1.0" encoding="UTF-8"?>
<!-- Generated by org.testng.reporters.JUnitReportReporter -->
<testsuite hostname="SarthakDell" failures="0" tests="3" name="com.tutorialsninja.TestCases.SearchProductTest" time="47.677" errors="0" timestamp="2023-11-04T11:05:09 EDT" skipped="0">
  <testcase classname="com.tutorialsninja.TestCases.SearchProductTest" name="verifySearchWithValidProduct" time="10.094"/>
  <testcase classname="com.tutorialsninja.TestCases.SearchProductTest" name="verifySearchWithInvalidProduct" time="25.222"/>
  <testcase classname="com.tutorialsninja.TestCases.SearchProductTest" name="verifySearchWithNoProduct" time="12.361"/>
</testsuite> <!-- com.tutorialsninja.TestCases.SearchProductTest -->
